88
55
86
79
16
32
14
49
87
68
71
33
73
39
42
58
62
35
65
45
46
87
52
96
34
22
94
11
57
82
87
97
39
79
21
78
27
97
42
29
18
85
85
37
99
66
98
95
25
14
81
35
94
51
82
84
55
72
44
94
44
44
41
74
69
11
79
48
39
67
12
34
67
84
42
81
89
74
16
95
51
57
48
35
59
74
91
32
42
98
59
36
65
42
89
31
34
44
65
41
24
22
17
66
55
23
64
31
91
27
85
36
82
67
23
64
82
68
68
69
16
57
82
11
54
33
44
81
69
83
99
42
33
26
24
81
37
55
13
62
19
34
52
11
89
26
71
47
44
92
55
57
77
79
36
83
35
67
89
95
64
48
25
84
95
77
99
82
42
82
65
13
43
47
74
94
41
88
32
69
83
33
62
11
22
75
42
31
61
88
94
78
57
82
64
35
55
44
14
14
44
58
92
67
52
38
87
26
27
17
39
81
44
32
93
26
31
44
47
72
62
41
49
71
78
31
55
72
17
23
85
15
22
28
14
16
57
41
95
99
15
78
28
54
99
79
88
31
38
97
51
61
29
54
98
74
79
17
24
18
52
47
22
65
98
17
42
62
28
53
64
32
48
85
47
56
38
27
37
93
42
87
92
48
65
67
88
67
36
42
36
33
98
46
35
36
49
71
76
66
55
55
89
72
97
54
83
64
21
76
21
52
22
65
24
76
87
57
54
22
51
33
31
78
92
37
38
89
44
84
78
23
99
88
41
88
78
47
43
14
48
63
67
65
78
59
16
13
24
86
44
65
45
86
96
21
84
11
96
48
12
18
53
29
26
46
85
64
27
88
87
37
57
45
82
71
77
82
26
11
99
57
93
24
66
99
88
56
84
33
76
22
97
74
68
11
14
21
18
99
95
59
77
85
73
72
52
17
21
23
73
82
46
16
73
79
44
49
35
86
37
43
33
62
11
34
49
33
16
96
96
63
13
76
75
58
43
96
65
76
24
45
16
93
93
38
18
81
62
14
67
48
18
62
33
57
39
89
89
77
65
42
77
28
33
48
48
54
44
47
45
18
23
63
26
42
62
61
42
84
75
65
48
54
98
59
22
44
33
58
12
17
21
54
16
56
63
44
72
39
39
78
84
14
54
83
27
31
81
16
42
31
33
35
29
36
53
98
33
62
86
24
44
23
23
11
74
76
35
48
96
38
46
44
18
22
61
78
59
41
91
82
61
75
68
31
17
58
44
62
94
16
97
41
15
38
96
37
93
24
73
92
71
96
41
66
81
98
73
45
92
74
17
44
44
43
22
18
43
41
76
92
97
55
45
14
17
44
98
38
53
13
88
73
41
14
55
89
34
68
83
67
43
88
46
18
14
87
51
45
22
75
75
33
76
13
38
54
69
93
47
99
74
48
88
88
16
75
72
62
77
53
68
93
65
79
79
33
36
52
77
41
66
13
61
76
78
47
37
25
59
74
12
57
95
22
55
68
99
95
76
76
99
55
34
11
32
41
41
91
17
77
23
12
57
17
31
35
29
52
13
25
93
16
81
47
91
62
95
87
93
78
82
19
62
58
98
21
12
66
26
48
78
18
99
65
77
33
93
39
65
46
69
79
88
49
41
54
89
64
68
14
33
35
98
61
51
16
98
74
23
82
23
74
69
99
46
13
29
64
66
13
88
47
23
78
36
74
13
25
94
27
88
21
77
37
42
19
76
65
52
36
41
21
69
79
63
75
15
78
24
22
87
33
53
81
95
84
72
65
31
25
99
97
22
33
95
33
99
73
84
49
63
31
99
34
12
84
58
71
63
11
64
41
77
32
73
62
11
17
39
64
39
14
87
71
24
22
79
74
87
38
25
99
36
63
52
29
41
62
75
32
41
41
15
19
11
57
71
14
38
44
28
79
85
95
51
82
16
88
59
83
61
93
43
44
38
44
75
98
68
81
41
73
98
53
33
39
27
83
94
13
78
22
47
23
77
59
24
41
55
78
33
17
99
82
12
39
43
76
19
21
64
47
47
59
11
99
21
49
54
49
32
15
99
61
27
47
88
34
31
14
51
77
67
27
55
85
55
84
25
74
85
89
91
35
97
86
58
58
96
73
13
93
91
83
15
42
89
73
23
89
55
61
23
67
43
96
47
62
39
49
38
33
26
23
12
37
71
18
71
89
31
95
39
99
52
56
44
68
33
43
24
96
68
94
12
92
88
54
52
26
33
13
93
98
56
83
93
82
13
11
68
63
83
47
77
49
93
17